<?xml version="1.0" encoding="UTF-8"?>
<!-- Generated by org.testng.reporters.JUnitXMLReporter -->
<testsuite ignored="3" hostname="Sayan" failures="0" tests="1" name="Test4" time="12.959" errors="0" timestamp="11 Jan 2025 13:45:09 GMT">
  <testcase classname="com.testbot.testcases.dockerSeleniumTest" name="facebookOnChromeTest" time="10.885"/>
  <testcase classname="com.testbot.testcases.dockerSeleniumTest" name="linkedInOnFirefoxTest" time="0.0">
    <ignored/>
  </testcase> <!-- linkedInOnFirefoxTest -->
  <testcase classname="com.testbot.testcases.dockerSeleniumTest" name="googleOnChromeTest" time="0.0">
    <ignored/>
  </testcase> <!-- googleOnChromeTest -->
  <testcase classname="com.testbot.testcases.dockerSeleniumTest" name="facebookOnEdgeTest" time="0.0">
    <ignored/>
  </testcase> <!-- facebookOnEdgeTest -->
</testsuite> <!-- Test4 -->
