<?xml version="1.0" encoding="UTF-8"?>
<!-- Generated by org.testng.reporters.JUnitXMLReporter -->
<testsuite ignored="3" hostname="Sayan" failures="0" tests="1" name="Test1" time="23.586" errors="0" timestamp="15 Jan 2025 15:46:23 GMT">
  <testcase classname="com.testbot.testcases.dockerSeleniumTest" name="linkedInOnFirefoxTest" time="16.646"/>
  <testcase classname="com.testbot.testcases.dockerSeleniumTest" name="googleOnChromeTest" time="0.0">
    <ignored/>
  </testcase> <!-- googleOnChromeTest -->
  <testcase classname="com.testbot.testcases.dockerSeleniumTest" name="facebookOnEdgeTest" time="0.0">
    <ignored/>
  </testcase> <!-- facebookOnEdgeTest -->
  <testcase classname="com.testbot.testcases.dockerSeleniumTest" name="facebookOnChromeTest" time="0.0">
    <ignored/>
  </testcase> <!-- facebookOnChromeTest -->
</testsuite> <!-- Test1 -->
