<?xml version="1.0" encoding="UTF-8"?>
<testng-results ignored="9" total="12" passed="3" failed="0" skipped="0">
  <reporter-output>
  </reporter-output>
  <suite started-at="2025-01-11T14:44:20Z" name="GridSuite" finished-at="2025-01-11T14:44:53Z" duration-ms="32930">
    <groups>
    </groups>
    <test started-at="2025-01-11T14:44:20Z" name="Test1" finished-at="2025-01-11T14:44:38Z" duration-ms="17669">
      <class name="com.testbot.testcases.dockerSeleniumTest">
        <test-method is-config="true" signature="setup(java.lang.String)[pri:0, instance:com.testbot.testcases.dockerSeleniumTest@4f32a3ad]" started-at="2025-01-11T14:44:20Z" name="setup" finished-at="2025-01-11T14:44:25Z" duration-ms="4730" status="PASS">
          <params>
            <param index="0">
              <value>
                <![CDATA[chrome]]>
              </value>
            </param>
          </params>
          <reporter-output>
          </reporter-output>
        </test-method> <!-- setup -->
        <test-method signature="linkedInOnFirefoxTest()[pri:0, instance:com.testbot.testcases.dockerSeleniumTest@4f32a3ad]" started-at="2025-01-11T14:44:25Z" name="linkedInOnFirefoxTest" finished-at="2025-01-11T14:44:37Z" duration-ms="12559" status="PASS">
          <reporter-output>
          </reporter-output>
        </test-method> <!-- linkedInOnFirefoxTest -->
        <test-method is-config="true" signature="closeBrowser()[pri:0, instance:com.testbot.testcases.dockerSeleniumTest@4f32a3ad]" started-at="2025-01-11T14:44:37Z" name="closeBrowser" finished-at="2025-01-11T14:44:38Z" duration-ms="364" status="PASS">
          <reporter-output>
          </reporter-output>
        </test-method> <!-- closeBrowser -->
      </class> <!-- com.testbot.testcases.dockerSeleniumTest -->
    </test> <!-- Test1 -->
    <test started-at="2025-01-11T14:44:20Z" name="Test3" finished-at="2025-01-11T14:44:45Z" duration-ms="24744">
      <class name="com.testbot.testcases.dockerSeleniumTest">
        <test-method is-config="true" signature="setup(java.lang.String)[pri:0, instance:com.testbot.testcases.dockerSeleniumTest@d554c5f]" started-at="2025-01-11T14:44:20Z" name="setup" finished-at="2025-01-11T14:44:24Z" duration-ms="3972" status="PASS">
          <params>
            <param index="0">
              <value>
                <![CDATA[MicrosoftEdge]]>
              </value>
            </param>
          </params>
          <reporter-output>
          </reporter-output>
        </test-method> <!-- setup -->
        <test-method signature="linkedInOnFirefoxTest()[pri:0, instance:com.testbot.testcases.dockerSeleniumTest@d554c5f]" started-at="2025-01-11T14:44:24Z" name="linkedInOnFirefoxTest" finished-at="2025-01-11T14:44:43Z" duration-ms="19478" status="PASS">
          <reporter-output>
          </reporter-output>
        </test-method> <!-- linkedInOnFirefoxTest -->
        <test-method is-config="true" signature="closeBrowser()[pri:0, instance:com.testbot.testcases.dockerSeleniumTest@d554c5f]" started-at="2025-01-11T14:44:43Z" name="closeBrowser" finished-at="2025-01-11T14:44:45Z" duration-ms="1255" status="PASS">
          <reporter-output>
          </reporter-output>
        </test-method> <!-- closeBrowser -->
      </class> <!-- com.testbot.testcases.dockerSeleniumTest -->
    </test> <!-- Test3 -->
    <test started-at="2025-01-11T14:44:20Z" name="Test2" finished-at="2025-01-11T14:44:53Z" duration-ms="32930">
      <class name="com.testbot.testcases.dockerSeleniumTest">
        <test-method is-config="true" signature="setup(java.lang.String)[pri:0, instance:com.testbot.testcases.dockerSeleniumTest@790da477]" started-at="2025-01-11T14:44:20Z" name="setup" finished-at="2025-01-11T14:44:38Z" duration-ms="18473" status="PASS">
          <params>
            <param index="0">
              <value>
                <![CDATA[firefox]]>
              </value>
            </param>
          </params>
          <reporter-output>
          </reporter-output>
        </test-method> <!-- setup -->
        <test-method signature="linkedInOnFirefoxTest()[pri:0, instance:com.testbot.testcases.dockerSeleniumTest@790da477]" started-at="2025-01-11T14:44:38Z" name="linkedInOnFirefoxTest" finished-at="2025-01-11T14:44:50Z" duration-ms="11642" status="PASS">
          <reporter-output>
          </reporter-output>
        </test-method> <!-- linkedInOnFirefoxTest -->
        <test-method is-config="true" signature="closeBrowser()[pri:0, instance:com.testbot.testcases.dockerSeleniumTest@790da477]" started-at="2025-01-11T14:44:50Z" name="closeBrowser" finished-at="2025-01-11T14:44:53Z" duration-ms="2799" status="PASS">
          <reporter-output>
          </reporter-output>
        </test-method> <!-- closeBrowser -->
      </class> <!-- com.testbot.testcases.dockerSeleniumTest -->
    </test> <!-- Test2 -->
  </suite> <!-- GridSuite -->
</testng-results>
