<?xml version="1.0" encoding="UTF-8"?>
<testng-results ignored="9" total="12" passed="3" failed="0" skipped="0">
  <reporter-output>
  </reporter-output>
  <suite started-at="2025-01-15T15:45:59Z" name="GridSuite" finished-at="2025-01-15T15:46:39Z" duration-ms="40401">
    <groups>
    </groups>
    <test started-at="2025-01-15T15:45:59Z" name="Test1" finished-at="2025-01-15T15:46:23Z" duration-ms="23586">
      <class name="com.testbot.testcases.dockerSeleniumTest">
        <test-method is-config="true" signature="setup(java.lang.String)[pri:0, instance:com.testbot.testcases.dockerSeleniumTest@4f32a3ad]" started-at="2025-01-15T15:45:59Z" name="setup" finished-at="2025-01-15T15:46:05Z" duration-ms="5776" status="PASS">
          <params>
            <param index="0">
              <value>
                <![CDATA[chrome]]>
              </value>
            </param>
          </params>
          <reporter-output>
          </reporter-output>
        </test-method> <!-- setup -->
        <test-method signature="linkedInOnFirefoxTest()[pri:0, instance:com.testbot.testcases.dockerSeleniumTest@4f32a3ad]" started-at="2025-01-15T15:46:05Z" name="linkedInOnFirefoxTest" finished-at="2025-01-15T15:46:21Z" duration-ms="16646" status="PASS">
          <reporter-output>
          </reporter-output>
        </test-method> <!-- linkedInOnFirefoxTest -->
        <test-method is-config="true" signature="closeBrowser()[pri:0, instance:com.testbot.testcases.dockerSeleniumTest@4f32a3ad]" started-at="2025-01-15T15:46:21Z" name="closeBrowser" finished-at="2025-01-15T15:46:23Z" duration-ms="1116" status="PASS">
          <reporter-output>
          </reporter-output>
        </test-method> <!-- closeBrowser -->
      </class> <!-- com.testbot.testcases.dockerSeleniumTest -->
    </test> <!-- Test1 -->
    <test started-at="2025-01-15T15:45:59Z" name="Test3" finished-at="2025-01-15T15:46:35Z" duration-ms="35947">
      <class name="com.testbot.testcases.dockerSeleniumTest">
        <test-method is-config="true" signature="setup(java.lang.String)[pri:0, instance:com.testbot.testcases.dockerSeleniumTest@d554c5f]" started-at="2025-01-15T15:45:59Z" name="setup" finished-at="2025-01-15T15:46:07Z" duration-ms="7602" status="PASS">
          <params>
            <param index="0">
              <value>
                <![CDATA[MicrosoftEdge]]>
              </value>
            </param>
          </params>
          <reporter-output>
          </reporter-output>
        </test-method> <!-- setup -->
        <test-method signature="linkedInOnFirefoxTest()[pri:0, instance:com.testbot.testcases.dockerSeleniumTest@d554c5f]" started-at="2025-01-15T15:46:07Z" name="linkedInOnFirefoxTest" finished-at="2025-01-15T15:46:33Z" duration-ms="26775" status="PASS">
          <reporter-output>
          </reporter-output>
        </test-method> <!-- linkedInOnFirefoxTest -->
        <test-method is-config="true" signature="closeBrowser()[pri:0, instance:com.testbot.testcases.dockerSeleniumTest@d554c5f]" started-at="2025-01-15T15:46:33Z" name="closeBrowser" finished-at="2025-01-15T15:46:35Z" duration-ms="1551" status="PASS">
          <reporter-output>
          </reporter-output>
        </test-method> <!-- closeBrowser -->
      </class> <!-- com.testbot.testcases.dockerSeleniumTest -->
    </test> <!-- Test3 -->
    <test started-at="2025-01-15T15:45:59Z" name="Test2" finished-at="2025-01-15T15:46:39Z" duration-ms="40401">
      <class name="com.testbot.testcases.dockerSeleniumTest">
        <test-method is-config="true" signature="setup(java.lang.String)[pri:0, instance:com.testbot.testcases.dockerSeleniumTest@790da477]" started-at="2025-01-15T15:45:59Z" name="setup" finished-at="2025-01-15T15:46:25Z" duration-ms="26302" status="PASS">
          <params>
            <param index="0">
              <value>
                <![CDATA[firefox]]>
              </value>
            </param>
          </params>
          <reporter-output>
          </reporter-output>
        </test-method> <!-- setup -->
        <test-method signature="linkedInOnFirefoxTest()[pri:0, instance:com.testbot.testcases.dockerSeleniumTest@790da477]" started-at="2025-01-15T15:46:25Z" name="linkedInOnFirefoxTest" finished-at="2025-01-15T15:46:37Z" duration-ms="11397" status="PASS">
          <reporter-output>
          </reporter-output>
        </test-method> <!-- linkedInOnFirefoxTest -->
        <test-method is-config="true" signature="closeBrowser()[pri:0, instance:com.testbot.testcases.dockerSeleniumTest@790da477]" started-at="2025-01-15T15:46:37Z" name="closeBrowser" finished-at="2025-01-15T15:46:39Z" duration-ms="2690" status="PASS">
          <reporter-output>
          </reporter-output>
        </test-method> <!-- closeBrowser -->
      </class> <!-- com.testbot.testcases.dockerSeleniumTest -->
    </test> <!-- Test2 -->
  </suite> <!-- GridSuite -->
</testng-results>
